2024.04.24 10:22:34 INFO  es[][o.e.n.Node] version[7.17.15], pid[26], build[default/tar/0b8ecfb4378335f4689c4223d1f1115f16bef3ba/2023-11-10T22:03:46.987399016Z], OS[Linux/5.15.0-100-generic/amd64], JVM[Eclipse Adoptium/OpenJDK 64-Bit Server VM/17.0.10/17.0.10+7]
2024.04.24 10:22:34 INFO  es[][o.e.n.Node] JVM home [/opt/java/openjdk]
2024.04.24 10:22:34 INFO  es[][o.e.n.Node] JVM arguments [-XX:+UseG1GC, -Djava.io.tmpdir=/opt/sonarqube/temp, -XX:ErrorFile=/opt/sonarqube/logs/es_hs_err_pid%p.log, -Des.networkaddress.cache.ttl=60, -Des.networkaddress.cache.negative.ttl=10, -XX:+AlwaysPreTouch, -Xss1m, -Djava.awt.headless=true, -Dfile.encoding=UTF-8, -Djna.nosys=true, -Djna.tmpdir=/opt/sonarqube/temp, -XX:-OmitStackTraceInFastThrow, -Dio.netty.noUnsafe=true, -Dio.netty.noKeySetOptimization=true, -Dio.netty.recycler.maxCapacityPerThread=0, -Dio.netty.allocator.numDirectArenas=0, -Dlog4j.shutdownHookEnabled=false, -Dlog4j2.disable.jmx=true, -Dlog4j2.formatMsgNoLookups=true, -Djava.locale.providers=COMPAT, -Dcom.redhat.fips=false, -Xmx512m, -Xms512m, -XX:MaxDirectMemorySize=256m, -XX:+HeapDumpOnOutOfMemoryError, -Des.path.home=/opt/sonarqube/elasticsearch, -Des.path.conf=/opt/sonarqube/temp/conf/es, -Des.distribution.flavor=default, -Des.distribution.type=tar, -Des.bundled_jdk=false]
2024.04.24 10:22:34 INFO  es[][o.e.p.PluginsService] loaded module [analysis-common]
2024.04.24 10:22:34 INFO  es[][o.e.p.PluginsService] loaded module [lang-painless]
2024.04.24 10:22:34 INFO  es[][o.e.p.PluginsService] loaded module [parent-join]
2024.04.24 10:22:34 INFO  es[][o.e.p.PluginsService] loaded module [reindex]
2024.04.24 10:22:34 INFO  es[][o.e.p.PluginsService] loaded module [transport-netty4]
2024.04.24 10:22:34 INFO  es[][o.e.p.PluginsService] no plugins loaded
2024.04.24 10:22:34 INFO  es[][o.e.e.NodeEnvironment] using [1] data paths, mounts [[/ (overlay)]], net usable_space [140.7gb], net total_space [149.9gb], types [overlay]
2024.04.24 10:22:34 INFO  es[][o.e.e.NodeEnvironment] heap size [512mb], compressed ordinary object pointers [true]
2024.04.24 10:22:34 INFO  es[][o.e.n.Node] node name [sonarqube], node ID [5Ri-dEzyTyqNm-bzpXfaAA], cluster name [sonarqube], roles [data_frozen, master, remote_cluster_client, data, data_content, data_hot, data_warm, data_cold, ingest]
2024.04.24 10:22:37 INFO  es[][o.e.t.NettyAllocator] creating NettyAllocator with the following configs: [name=unpooled, suggested_max_allocation_size=256kb, factors={es.unsafe.use_unpooled_allocator=null, g1gc_enabled=true, g1gc_region_size=1mb, heap_size=512mb}]
2024.04.24 10:22:37 INFO  es[][o.e.i.r.RecoverySettings] using rate limit [40mb] with [default=40mb, read=0b, write=0b, max=0b]
2024.04.24 10:22:37 INFO  es[][o.e.d.DiscoveryModule] using discovery type [zen] and seed hosts providers [settings]
2024.04.24 10:22:37 INFO  es[][o.e.g.DanglingIndicesState] gateway.auto_import_dangling_indices is disabled, dangling indices will not be automatically detected or imported and must be managed manually
2024.04.24 10:22:37 INFO  es[][o.e.n.Node] initialized
2024.04.24 10:22:37 INFO  es[][o.e.n.Node] starting ...
2024.04.24 10:22:37 INFO  es[][o.e.t.TransportService] publish_address {127.0.0.1:42629}, bound_addresses {127.0.0.1:42629}
2024.04.24 10:22:37 WARN  es[][o.e.b.BootstrapChecks] max virtual memory areas vm.max_map_count [65530] is too low, increase to at least [262144]
2024.04.24 10:22:37 INFO  es[][o.e.c.c.Coordinator] setting initial configuration to VotingConfiguration{5Ri-dEzyTyqNm-bzpXfaAA}
2024.04.24 10:22:37 INFO  es[][o.e.c.s.MasterService] elected-as-master ([1] nodes joined)[{sonarqube}{5Ri-dEzyTyqNm-bzpXfaAA}{TPsjUgODR1qei8SaBuHSCw}{127.0.0.1}{127.0.0.1:42629}{cdfhimrsw} elect leader, _BECOME_MASTER_TASK_, _FINISH_ELECTION_], term: 1, version: 1, delta: master node changed {previous [], current [{sonarqube}{5Ri-dEzyTyqNm-bzpXfaAA}{TPsjUgODR1qei8SaBuHSCw}{127.0.0.1}{127.0.0.1:42629}{cdfhimrsw}]}
2024.04.24 10:22:37 INFO  es[][o.e.c.c.CoordinationState] cluster UUID set to [804r7JfGQWyXi3Ngv7ROLA]
2024.04.24 10:22:37 INFO  es[][o.e.c.s.ClusterApplierService] master node changed {previous [], current [{sonarqube}{5Ri-dEzyTyqNm-bzpXfaAA}{TPsjUgODR1qei8SaBuHSCw}{127.0.0.1}{127.0.0.1:42629}{cdfhimrsw}]}, term: 1, version: 1, reason: Publication{term=1, version=1}
2024.04.24 10:22:37 INFO  es[][o.e.h.AbstractHttpServerTransport] publish_address {127.0.0.1:9001}, bound_addresses {127.0.0.1:9001}
2024.04.24 10:22:37 INFO  es[][o.e.n.Node] started
2024.04.24 10:22:37 INFO  es[][o.e.g.GatewayService] recovered [0] indices into cluster_state
2024.04.24 10:22:43 INFO  es[][o.e.c.m.MetadataCreateIndexService] [metadatas] creating index, cause [api], templates [], shards [1]/[0]
2024.04.24 10:22:43 INFO  es[][o.e.c.r.a.AllocationService] Cluster health status changed from [YELLOW] to [GREEN] (reason: [shards started [[metadatas][0]]]).
2024.04.24 10:22:43 INFO  es[][o.e.c.m.MetadataMappingService] [metadatas/kwH9ATfSQ0qLDjFzmK8lxw] create_mapping [metadata]
2024.04.24 10:22:44 INFO  es[][o.e.c.m.MetadataCreateIndexService] [components] creating index, cause [api], templates [], shards [5]/[0]
2024.04.24 10:22:44 INFO  es[][o.e.c.r.a.AllocationService] Cluster health status changed from [YELLOW] to [GREEN] (reason: [shards started [[components][4]]]).
2024.04.24 10:22:44 INFO  es[][o.e.c.m.MetadataMappingService] [components/H7N40MbnT8qCoio_NJ5Fqg] create_mapping [auth]
2024.04.24 10:22:44 INFO  es[][o.e.c.m.MetadataCreateIndexService] [projectmeasures] creating index, cause [api], templates [], shards [5]/[0]
2024.04.24 10:22:44 INFO  es[][o.e.c.r.a.AllocationService] Cluster health status changed from [YELLOW] to [GREEN] (reason: [shards started [[projectmeasures][4]]]).
2024.04.24 10:22:44 INFO  es[][o.e.c.m.MetadataMappingService] [projectmeasures/l-9BQqSCQAStAGmptCroGg] create_mapping [auth]
2024.04.24 10:22:44 INFO  es[][o.e.c.m.MetadataCreateIndexService] [rules] creating index, cause [api], templates [], shards [2]/[0]
2024.04.24 10:22:44 INFO  es[][o.e.c.r.a.AllocationService] Cluster health status changed from [YELLOW] to [GREEN] (reason: [shards started [[rules][0]]]).
2024.04.24 10:22:44 INFO  es[][o.e.c.m.MetadataMappingService] [rules/G1ngFfjbREqqw5RrTsZYTw] create_mapping [rule]
2024.04.24 10:22:44 INFO  es[][o.e.c.m.MetadataCreateIndexService] [issues] creating index, cause [api], templates [], shards [5]/[0]
2024.04.24 10:22:45 INFO  es[][o.e.c.r.a.AllocationService] Cluster health status changed from [YELLOW] to [GREEN] (reason: [shards started [[issues][4]]]).
2024.04.24 10:22:45 INFO  es[][o.e.c.m.MetadataMappingService] [issues/EVkfefRXT9em6amzlA6FLA] create_mapping [auth]
2024.04.24 10:22:45 INFO  es[][o.e.c.m.MetadataCreateIndexService] [users] creating index, cause [api], templates [], shards [1]/[0]
2024.04.24 10:22:45 INFO  es[][o.e.c.r.a.AllocationService] Cluster health status changed from [YELLOW] to [GREEN] (reason: [shards started [[users][0]]]).
2024.04.24 10:22:45 INFO  es[][o.e.c.m.MetadataMappingService] [users/vfh5a1lDST6klW9cEDw3kA] create_mapping [user]
2024.04.24 10:22:45 INFO  es[][o.e.c.m.MetadataCreateIndexService] [views] creating index, cause [api], templates [], shards [5]/[0]
2024.04.24 10:22:45 INFO  es[][o.e.c.r.a.AllocationService] Cluster health status changed from [YELLOW] to [GREEN] (reason: [shards started [[views][4]]]).
2024.04.24 10:22:45 INFO  es[][o.e.c.m.MetadataMappingService] [views/4L3KIqhfT3-NezAE40p58Q] create_mapping [view]
2024.04.24 10:23:07 INFO  es[][o.e.c.s.IndexScopedSettings] updating [index.refresh_interval] from [30s] to [-1]
2024.04.24 10:23:07 INFO  es[][o.e.c.s.IndexScopedSettings] updating [index.refresh_interval] from [30s] to [-1]
2024.04.24 10:23:07 INFO  es[][o.e.c.s.IndexScopedSettings] updating [index.refresh_interval] from [-1] to [30s]
2024.04.24 10:23:07 INFO  es[][o.e.c.s.IndexScopedSettings] updating [index.refresh_interval] from [-1] to [30s]
2024.04.24 10:23:07 INFO  es[][o.e.c.s.IndexScopedSettings] updating [index.refresh_interval] from [30s] to [-1]
2024.04.24 10:23:08 INFO  es[][o.e.c.s.IndexScopedSettings] updating [index.refresh_interval] from [30s] to [-1]
2024.04.24 10:23:08 INFO  es[][o.e.c.s.IndexScopedSettings] updating [index.refresh_interval] from [-1] to [30s]
2024.04.24 10:23:08 INFO  es[][o.e.c.s.IndexScopedSettings] updating [index.refresh_interval] from [-1] to [30s]
